2025-01-08 20:50:18,638 - INFO - [Full Mode] 开始采集当当网电子书数据...
2025-01-08 20:50:24,920 - WARNING - [Full Mode] 需要人工辅助登录!
2025-01-08 20:50:27,927 - WARNING - [Full Mode] 需要人工辅助登录!
2025-01-08 20:50:30,935 - WARNING - [Full Mode] 需要人工辅助登录!
2025-01-08 20:50:31,373 - INFO - [Full Mode] 登录成功!
2025-01-08 20:50:31,375 - INFO - [Full Mode] 获取到token: pc_57b6617338e7d76ac6354f7342a89e1e79ff605b6ea821eccc773a15577a37b0
2025-01-08 20:50:31,375 - INFO - [Full Mode] 获取到permanentId: 20250102085739067138978897432853396
2025-01-08 20:50:31,383 - INFO - [Full Mode] 总共 334 页数据...
2025-01-08 20:50:31,383 - INFO - [Full Mode] 开始采集第 1 页数据...
2025-01-08 20:59:45,089 - INFO - [Full Mode] 开始采集当当网电子书数据...
2025-01-08 20:59:46,375 - INFO - [Full Mode] 检测到已登录, 开始采集数据
2025-01-08 20:59:46,377 - INFO - [Full Mode] 获取到token: pc_57b6617338e7d76ac6354f7342a89e1e79ff605b6ea821eccc773a15577a37b0
2025-01-08 20:59:46,377 - INFO - [Full Mode] 获取到permanentId: 20250102085739067138978897432853396
2025-01-08 20:59:48,390 - INFO - [Full Mode] 总共 27 页数据...
2025-01-08 20:59:48,391 - INFO - [Full Mode] 开始采集第 1 页数据...
2025-01-08 21:03:53,373 - INFO - [Full Mode] 开始采集当当网电子书数据...
2025-01-08 21:03:54,667 - INFO - [Full Mode] 检测到已登录, 开始采集数据
2025-01-08 21:03:54,671 - INFO - [Full Mode] 获取到token: pc_57b6617338e7d76ac6354f7342a89e1e79ff605b6ea821eccc773a15577a37b0
2025-01-08 21:03:54,671 - INFO - [Full Mode] 获取到permanentId: 20250102085739067138978897432853396
2025-01-08 21:03:56,698 - INFO - [Full Mode] 总共 27 页数据...
2025-01-08 21:03:56,698 - INFO - [Full Mode] 开始采集第 1 页数据...
2025-01-08 21:03:56,723 - INFO - [Full Mode] 数据已更新到数据库
2025-01-08 21:03:56,750 - INFO - [Full Mode] 数据已更新到数据库
2025-01-08 21:03:56,762 - INFO - [Full Mode] 数据已更新到数据库
2025-01-08 21:03:56,773 - INFO - [Full Mode] 数据已更新到数据库
2025-01-08 21:03:59,059 - INFO - [Full Mode] 第 1 页, 第 5 本数据详情请求成功!
2025-01-08 21:03:59,063 - INFO - [Full Mode] 数据已成功插入到表中
2025-01-08 21:04:06,118 - INFO - [Full Mode] 第 1 页, 第 6 本数据详情请求成功!
2025-01-08 21:04:06,122 - INFO - [Full Mode] 数据已成功插入到表中
2025-01-08 21:04:13,663 - INFO - [Full Mode] 第 1 页, 第 7 本数据详情请求成功!
2025-01-08 21:04:13,667 - INFO - [Full Mode] 数据已成功插入到表中
2025-01-08 21:04:22,167 - INFO - [Full Mode] 第 1 页, 第 8 本数据详情请求成功!
2025-01-08 21:04:22,171 - INFO - [Full Mode] 数据已成功插入到表中
2025-01-08 21:04:31,154 - INFO - [Full Mode] 第 1 页, 第 9 本数据详情请求成功!
2025-01-08 21:04:31,158 - INFO - [Full Mode] 数据已成功插入到表中
2025-01-08 21:04:44,379 - INFO - [Full Mode] 第 1 页, 第 10 本数据详情请求成功!
2025-01-08 21:04:44,385 - INFO - [Full Mode] 数据已成功插入到表中
2025-01-08 21:04:50,629 - INFO - [Full Mode] 开始采集第 2 页数据...
2025-01-08 21:04:50,650 - INFO - [Full Mode] 数据已更新到数据库
2025-01-08 21:04:50,662 - INFO - [Full Mode] 数据已更新到数据库
2025-01-08 21:04:50,675 - INFO - [Full Mode] 数据已更新到数据库
2025-01-08 21:04:50,687 - INFO - [Full Mode] 数据已更新到数据库
2025-01-08 21:04:50,704 - INFO - [Full Mode] 数据已更新到数据库
2025-01-08 21:04:50,713 - INFO - [Full Mode] 数据已更新到数据库
2025-01-08 21:04:50,721 - INFO - [Full Mode] 数据已更新到数据库
2025-01-08 21:04:50,730 - INFO - [Full Mode] 数据已更新到数据库
2025-01-08 21:04:50,739 - INFO - [Full Mode] 数据已更新到数据库
2025-01-08 21:04:50,762 - INFO - [Full Mode] 数据已更新到数据库
2025-01-08 21:04:51,095 - INFO - [Full Mode] 开始采集第 3 页数据...
2025-01-08 21:04:53,854 - INFO - [Full Mode] 第 3 页, 第 1 本数据详情请求成功!
2025-01-08 21:04:53,859 - INFO - [Full Mode] 数据已成功插入到表中
2025-01-08 21:05:00,656 - INFO - [Full Mode] 第 3 页, 第 2 本数据详情请求成功!
2025-01-08 21:05:00,662 - INFO - [Full Mode] 数据已成功插入到表中
2025-01-08 21:05:10,337 - INFO - [Full Mode] 第 3 页, 第 3 本数据详情请求成功!
2025-01-08 21:05:10,351 - INFO - [Full Mode] 数据已成功插入到表中
2025-01-08 21:07:05,302 - INFO - [Increment Mode] 开始采集当当网电子书数据...
2025-01-08 21:07:06,577 - INFO - [Increment Mode] 检测到已登录, 开始采集数据
2025-01-08 21:07:06,578 - INFO - [Increment Mode] 获取到token: pc_57b6617338e7d76ac6354f7342a89e1e79ff605b6ea821eccc773a15577a37b0
2025-01-08 21:07:06,579 - INFO - [Increment Mode] 获取到permanentId: 20250102085739067138978897432853396
2025-01-08 21:07:08,592 - INFO - [Increment Mode] 总共 27 页数据...
2025-01-08 21:07:08,592 - INFO - [Increment Mode] 开始采集第 1 页数据...
2025-01-08 21:07:08,604 - INFO - [Increment Mode] 第1页第1条数据已存在!
2025-01-08 21:07:08,606 - INFO - [Increment Mode] 第1页第2条数据已存在!
2025-01-08 21:07:08,609 - INFO - [Increment Mode] 第1页第3条数据已存在!
2025-01-08 21:07:08,612 - INFO - [Increment Mode] 第1页第4条数据已存在!
2025-01-08 21:07:08,614 - INFO - [Increment Mode] 第1页第5条数据已存在!
2025-01-08 21:07:10,712 - INFO - [Increment Mode] 第 1 页, 第 6 本数据详情请求成功!
2025-01-08 21:07:10,715 - INFO - [Increment Mode] 数据已成功插入到表中
2025-01-08 21:07:18,716 - INFO - [Increment Mode] 第 1 页, 第 7 本数据详情请求成功!
2025-01-08 21:07:18,720 - INFO - [Increment Mode] 数据已成功插入到表中
2025-01-08 21:07:26,726 - INFO - [Increment Mode] 第 1 页, 第 8 本数据详情请求成功!
2025-01-08 21:07:26,743 - INFO - [Increment Mode] 数据已成功插入到表中
2025-01-08 21:07:35,917 - INFO - [Increment Mode] 第 1 页, 第 9 本数据详情请求成功!
2025-01-08 21:07:35,947 - INFO - [Increment Mode] 数据已成功插入到表中
2025-01-08 21:07:45,047 - INFO - [Increment Mode] 第 1 页, 第 10 本数据详情请求成功!
2025-01-08 21:07:45,052 - INFO - [Increment Mode] 数据已成功插入到表中
2025-01-08 21:07:51,280 - INFO - [Increment Mode] 开始采集第 2 页数据...
2025-01-08 21:07:51,292 - INFO - [Increment Mode] 第2页第1条数据已存在!
2025-01-08 21:07:51,293 - INFO - [Increment Mode] 第2页第2条数据已存在!
2025-01-08 21:07:51,295 - INFO - [Increment Mode] 第2页第3条数据已存在!
2025-01-08 21:07:51,297 - INFO - [Increment Mode] 第2页第4条数据已存在!
2025-01-08 21:07:51,299 - INFO - [Increment Mode] 第2页第5条数据已存在!
2025-01-08 21:07:51,301 - INFO - [Increment Mode] 第2页第6条数据已存在!
2025-01-08 21:07:51,303 - INFO - [Increment Mode] 第2页第7条数据已存在!
2025-01-08 21:07:51,305 - INFO - [Increment Mode] 第2页第8条数据已存在!
2025-01-08 21:07:51,306 - INFO - [Increment Mode] 第2页第9条数据已存在!
2025-01-08 21:07:51,307 - INFO - [Increment Mode] 第2页第10条数据已存在!
2025-01-08 21:07:51,517 - INFO - [Increment Mode] 开始采集第 3 页数据...
2025-01-08 21:07:51,526 - INFO - [Increment Mode] 第3页第1条数据已存在!
2025-01-08 21:07:51,529 - INFO - [Increment Mode] 第3页第2条数据已存在!
2025-01-08 21:07:51,534 - INFO - [Increment Mode] 第3页第3条数据已存在!
2025-01-08 21:07:51,537 - INFO - [Increment Mode] 第3页第4条数据已存在!
2025-01-08 21:07:51,541 - INFO - [Increment Mode] 第3页第5条数据已存在!
2025-01-08 21:07:51,543 - INFO - [Increment Mode] 第3页第6条数据已存在!
2025-01-08 21:07:51,545 - INFO - [Increment Mode] 第3页第7条数据已存在!
2025-01-08 21:07:51,547 - INFO - [Increment Mode] 第3页第8条数据已存在!
2025-01-08 21:07:51,549 - INFO - [Increment Mode] 第3页第9条数据已存在!
2025-01-08 21:07:51,551 - INFO - [Increment Mode] 第3页第10条数据已存在!
2025-01-08 21:07:51,763 - INFO - [Increment Mode] 开始采集第 4 页数据...
2025-01-08 21:07:51,772 - INFO - [Increment Mode] 第4页第1条数据已存在!
2025-01-08 21:07:54,171 - INFO - [Increment Mode] 第 4 页, 第 2 本数据详情请求成功!
2025-01-08 21:07:54,186 - INFO - [Increment Mode] 数据已成功插入到表中
2025-01-08 21:08:01,255 - INFO - [Increment Mode] 第 4 页, 第 3 本数据详情请求成功!
2025-01-08 21:08:01,259 - INFO - [Increment Mode] 数据已成功插入到表中
2025-01-08 21:08:10,794 - INFO - [Increment Mode] 第 4 页, 第 4 本数据详情请求成功!
2025-01-08 21:08:10,799 - INFO - [Increment Mode] 数据已成功插入到表中
2025-01-09 08:52:25,177 - INFO - [Full Mode] 开始采集当当网电子书数据...
2025-01-09 08:52:31,681 - WARNING - [Full Mode] 需要人工辅助登录!
2025-01-09 08:52:34,688 - WARNING - [Full Mode] 需要人工辅助登录!
2025-01-09 08:52:37,710 - WARNING - [Full Mode] 需要人工辅助登录!
2025-01-09 08:52:37,718 - INFO - [Full Mode] 登录成功!
2025-01-09 08:52:37,720 - INFO - [Full Mode] 获取到token: pc_e266b2a555ee2d3fa5386e8e5b5089cc7a56e4f8c35296c50df7b6edda3e2436
2025-01-09 08:52:37,720 - INFO - [Full Mode] 获取到permanentId: 20250102085739067138978897432853396
2025-01-09 08:52:39,730 - INFO - [Full Mode] 总共 27 页数据...
2025-01-09 08:52:39,731 - INFO - [Full Mode] 开始采集第 1 页数据...
2025-01-09 08:52:41,958 - INFO - [Full Mode] 第 1 页, 第 1 本数据详情请求成功!
2025-01-09 08:52:41,962 - INFO - [Full Mode] 数据已成功插入到表中
2025-01-09 08:52:48,993 - INFO - [Full Mode] 第 1 页, 第 2 本数据详情请求成功!
2025-01-09 08:52:48,997 - INFO - [Full Mode] 数据已成功插入到表中
2025-01-09 08:52:56,083 - INFO - [Full Mode] 第 1 页, 第 3 本数据详情请求成功!
2025-01-09 08:52:56,110 - INFO - [Full Mode] 数据已成功插入到表中
2025-01-09 08:53:05,225 - INFO - [Full Mode] 第 1 页, 第 4 本数据详情请求成功!
2025-01-09 08:53:05,231 - INFO - [Full Mode] 数据已成功插入到表中
2025-01-09 08:53:11,156 - INFO - [Full Mode] 第 1 页, 第 5 本数据详情请求成功!
2025-01-09 08:53:11,160 - INFO - [Full Mode] 数据已成功插入到表中
2025-01-09 08:53:19,149 - INFO - [Full Mode] 第 1 页, 第 6 本数据详情请求成功!
2025-01-09 08:53:19,150 - INFO - [Full Mode] 数据已成功插入到表中
2025-01-09 08:53:25,169 - INFO - [Full Mode] 第 1 页, 第 7 本数据详情请求成功!
2025-01-09 08:53:25,173 - INFO - [Full Mode] 数据已成功插入到表中
2025-01-09 08:53:31,307 - INFO - [Full Mode] 第 1 页, 第 8 本数据详情请求成功!
2025-01-09 08:53:31,312 - INFO - [Full Mode] 数据已成功插入到表中
2025-01-09 08:53:41,355 - INFO - [Full Mode] 第 1 页, 第 9 本数据详情请求成功!
2025-01-09 08:53:41,359 - INFO - [Full Mode] 数据已成功插入到表中
2025-01-09 08:53:49,409 - INFO - [Full Mode] 第 1 页, 第 10 本数据详情请求成功!
2025-01-09 08:53:49,415 - INFO - [Full Mode] 数据已成功插入到表中
2025-01-09 08:53:55,648 - INFO - [Full Mode] 开始采集第 2 页数据...
2025-01-09 08:53:55,669 - INFO - [Full Mode] 数据已更新到数据库
2025-01-09 08:53:55,681 - INFO - [Full Mode] 数据已更新到数据库
2025-01-09 08:53:55,692 - INFO - [Full Mode] 数据已更新到数据库
2025-01-09 08:53:55,703 - INFO - [Full Mode] 数据已更新到数据库
2025-01-09 08:53:55,713 - INFO - [Full Mode] 数据已更新到数据库
2025-01-09 08:53:55,724 - INFO - [Full Mode] 数据已更新到数据库
2025-01-09 08:53:55,735 - INFO - [Full Mode] 数据已更新到数据库
2025-01-09 08:53:55,745 - INFO - [Full Mode] 数据已更新到数据库
2025-01-09 08:53:55,756 - INFO - [Full Mode] 数据已更新到数据库
2025-01-09 08:53:55,768 - INFO - [Full Mode] 数据已更新到数据库
2025-01-09 08:53:55,977 - INFO - [Full Mode] 开始采集第 3 页数据...
2025-01-09 08:53:56,032 - INFO - [Full Mode] 数据已更新到数据库
2025-01-09 08:53:56,044 - INFO - [Full Mode] 数据已更新到数据库
2025-01-09 08:53:56,056 - INFO - [Full Mode] 数据已更新到数据库
2025-01-09 08:53:56,068 - INFO - [Full Mode] 数据已更新到数据库
2025-01-09 08:53:56,100 - INFO - [Full Mode] 数据已更新到数据库
2025-01-09 08:53:56,112 - INFO - [Full Mode] 数据已更新到数据库
2025-01-09 08:53:56,125 - INFO - [Full Mode] 数据已更新到数据库
2025-01-09 08:53:56,137 - INFO - [Full Mode] 数据已更新到数据库
2025-01-09 08:53:56,150 - INFO - [Full Mode] 数据已更新到数据库
2025-01-09 08:53:56,163 - INFO - [Full Mode] 数据已更新到数据库
2025-01-09 08:53:56,381 - INFO - [Full Mode] 开始采集第 4 页数据...
2025-01-09 08:53:58,536 - INFO - [Full Mode] 第 4 页, 第 1 本数据详情请求成功!
2025-01-09 08:53:58,562 - INFO - [Full Mode] 数据已成功插入到表中
2025-01-09 09:10:42,974 - INFO - [Full Mode] 开始采集当当网电子书数据...
2025-01-09 09:10:44,130 - INFO - [Full Mode] 检测到已登录, 开始采集数据
2025-01-09 09:10:44,132 - INFO - [Full Mode] 获取到token: pc_e266b2a555ee2d3fa5386e8e5b5089cc7a56e4f8c35296c50df7b6edda3e2436
2025-01-09 09:10:44,132 - INFO - [Full Mode] 获取到permanentId: 20250102085739067138978897432853396
2025-01-09 09:10:46,145 - INFO - [Full Mode] 总共 27 页数据...
2025-01-09 09:10:46,145 - INFO - [Full Mode] 开始采集第 1 页数据...
2025-01-09 09:10:46,173 - INFO - [Full Mode] 数据已更新到数据库
2025-01-09 09:10:46,206 - INFO - [Full Mode] 数据已更新到数据库
2025-01-09 09:10:46,217 - INFO - [Full Mode] 数据已更新到数据库
2025-01-09 09:10:46,228 - INFO - [Full Mode] 数据已更新到数据库
2025-01-09 09:10:46,241 - INFO - [Full Mode] 数据已更新到数据库
2025-01-09 09:10:46,253 - INFO - [Full Mode] 数据已更新到数据库
2025-01-09 09:10:46,265 - INFO - [Full Mode] 数据已更新到数据库
2025-01-09 09:10:46,300 - INFO - [Full Mode] 数据已更新到数据库
2025-01-09 09:10:46,315 - INFO - [Full Mode] 数据已更新到数据库
2025-01-09 09:10:46,327 - INFO - [Full Mode] 数据已更新到数据库
2025-01-09 09:10:47,558 - INFO - [Full Mode] 开始采集第 2 页数据...
2025-01-09 09:10:50,010 - INFO - [Full Mode] 第 2 页, 第 1 本数据详情请求成功!
2025-01-09 09:10:50,037 - INFO - [Full Mode] 数据已成功插入到表中
2025-01-09 09:10:57,022 - INFO - [Full Mode] 第 2 页, 第 2 本数据详情请求成功!
2025-01-09 09:10:57,027 - INFO - [Full Mode] 数据已成功插入到表中
2025-01-09 09:11:07,088 - INFO - [Full Mode] 第 2 页, 第 3 本数据详情请求成功!
2025-01-09 09:11:07,093 - INFO - [Full Mode] 数据已成功插入到表中
2025-01-09 09:11:15,101 - INFO - [Full Mode] 第 2 页, 第 4 本数据详情请求成功!
2025-01-09 09:11:15,106 - INFO - [Full Mode] 数据已成功插入到表中
2025-01-09 09:11:25,630 - INFO - [Full Mode] 第 2 页, 第 5 本数据详情请求成功!
2025-01-09 09:11:25,637 - INFO - [Full Mode] 数据已成功插入到表中
2025-01-09 09:11:34,855 - INFO - [Full Mode] 第 2 页, 第 6 本数据详情请求成功!
2025-01-09 09:11:34,861 - INFO - [Full Mode] 数据已成功插入到表中
2025-01-09 09:11:42,869 - INFO - [Full Mode] 第 2 页, 第 7 本数据详情请求成功!
2025-01-09 09:11:42,877 - INFO - [Full Mode] 数据已成功插入到表中
2025-01-09 09:11:53,536 - INFO - [Full Mode] 第 2 页, 第 8 本数据详情请求成功!
2025-01-09 09:11:53,542 - INFO - [Full Mode] 数据已成功插入到表中
2025-01-09 09:12:03,963 - INFO - [Full Mode] 第 2 页, 第 9 本数据详情请求成功!
2025-01-09 09:12:03,969 - INFO - [Full Mode] 数据已成功插入到表中
2025-01-09 09:12:14,345 - INFO - [Full Mode] 第 2 页, 第 10 本数据详情请求成功!
2025-01-09 09:12:14,352 - INFO - [Full Mode] 数据已成功插入到表中
2025-01-09 09:12:20,578 - INFO - [Full Mode] 开始采集第 3 页数据...
2025-01-09 09:12:23,052 - INFO - [Full Mode] 第 3 页, 第 1 本数据详情请求成功!
2025-01-09 09:12:23,057 - INFO - [Full Mode] 数据已成功插入到表中
2025-01-09 09:12:33,371 - INFO - [Full Mode] 第 3 页, 第 2 本数据详情请求成功!
2025-01-09 09:12:33,377 - INFO - [Full Mode] 数据已成功插入到表中
2025-01-09 09:12:43,960 - INFO - [Full Mode] 第 3 页, 第 3 本数据详情请求成功!
2025-01-09 09:12:43,965 - INFO - [Full Mode] 数据已成功插入到表中
2025-01-09 09:12:53,520 - INFO - [Full Mode] 第 3 页, 第 4 本数据详情请求成功!
2025-01-09 09:12:53,525 - INFO - [Full Mode] 数据已成功插入到表中
2025-01-09 09:13:03,861 - INFO - [Full Mode] 第 3 页, 第 5 本数据详情请求成功!
2025-01-09 09:13:03,867 - INFO - [Full Mode] 数据已成功插入到表中
2025-01-09 09:13:13,497 - INFO - [Full Mode] 第 3 页, 第 6 本数据详情请求成功!
2025-01-09 09:13:13,502 - INFO - [Full Mode] 数据已成功插入到表中
2025-01-09 09:13:23,570 - INFO - [Full Mode] 第 3 页, 第 7 本数据详情请求成功!
2025-01-09 09:13:23,575 - INFO - [Full Mode] 数据已成功插入到表中
2025-01-09 09:13:32,120 - INFO - [Full Mode] 第 3 页, 第 8 本数据详情请求成功!
2025-01-09 09:13:32,123 - INFO - [Full Mode] 数据已成功插入到表中
2025-01-09 09:13:41,717 - INFO - [Full Mode] 第 3 页, 第 9 本数据详情请求成功!
2025-01-09 09:13:41,734 - INFO - [Full Mode] 数据已成功插入到表中
2025-01-09 09:13:48,817 - INFO - [Full Mode] 第 3 页, 第 10 本数据详情请求成功!
2025-01-09 09:13:48,824 - INFO - [Full Mode] 数据已成功插入到表中
2025-01-09 09:13:57,053 - INFO - [Full Mode] 开始采集第 4 页数据...
2025-01-09 09:13:59,569 - INFO - [Full Mode] 第 4 页, 第 1 本数据详情请求成功!
2025-01-09 09:13:59,574 - INFO - [Full Mode] 数据已成功插入到表中
2025-01-13 15:43:21,687 - INFO - [Full Mode] 开始采集当当网电子书数据...
2025-01-13 15:43:28,155 - WARNING - [Full Mode] 需要人工辅助登录!
2025-01-13 15:43:31,163 - WARNING - [Full Mode] 需要人工辅助登录!
2025-01-13 15:43:34,180 - WARNING - [Full Mode] 需要人工辅助登录!
2025-01-13 15:43:34,189 - INFO - [Full Mode] 登录成功!
2025-01-13 15:43:34,196 - INFO - [Full Mode] 获取到token: pc_4bf4474689db5e4c024ba009cc635cc347b0181a6fff1b548e39d78f309bdb0b
2025-01-13 15:43:34,197 - INFO - [Full Mode] 获取到permanentId: 20250102085739067138978897432853396
2025-01-13 15:43:36,274 - INFO - [Full Mode] 总共 27 页数据...
2025-01-13 15:43:36,274 - INFO - [Full Mode] 开始采集第 1 页数据...
2025-01-13 15:43:39,466 - INFO - [Full Mode] 第 1 页, 第 1 本数据详情请求成功!
2025-01-13 15:44:04,346 - INFO - [Full Mode] 开始采集当当网电子书数据...
2025-01-13 15:44:05,502 - INFO - [Full Mode] 检测到已登录, 开始采集数据
2025-01-13 15:44:05,503 - INFO - [Full Mode] 获取到token: pc_4bf4474689db5e4c024ba009cc635cc347b0181a6fff1b548e39d78f309bdb0b
2025-01-13 15:44:05,504 - INFO - [Full Mode] 获取到permanentId: 20250102085739067138978897432853396
2025-01-13 15:44:07,675 - INFO - [Full Mode] 总共 27 页数据...
2025-01-13 15:44:07,676 - INFO - [Full Mode] 开始采集第 1 页数据...
2025-01-13 15:44:10,317 - INFO - [Full Mode] 第 1 页, 第 1 本数据详情请求成功!
2025-01-13 15:44:32,180 - INFO - [Full Mode] 开始采集当当网电子书数据...
2025-01-13 15:44:33,530 - INFO - [Full Mode] 检测到已登录, 开始采集数据
2025-01-13 15:44:33,531 - INFO - [Full Mode] 获取到token: pc_4bf4474689db5e4c024ba009cc635cc347b0181a6fff1b548e39d78f309bdb0b
2025-01-13 15:44:33,531 - INFO - [Full Mode] 获取到permanentId: 20250102085739067138978897432853396
2025-01-13 15:44:35,604 - INFO - [Full Mode] 总共 27 页数据...
2025-01-13 15:44:35,604 - INFO - [Full Mode] 开始采集第 1 页数据...
2025-01-13 15:44:37,927 - INFO - [Full Mode] 第 1 页, 第 1 本数据详情请求成功!
2025-01-13 15:44:37,997 - INFO - [Full Mode] 数据已成功插入到表中
2025-01-13 15:44:46,980 - INFO - [Full Mode] 第 1 页, 第 2 本数据详情请求成功!
2025-01-13 15:44:47,045 - INFO - [Full Mode] 数据已成功插入到表中
2025-01-13 15:44:56,767 - INFO - [Full Mode] 第 1 页, 第 3 本数据详情请求成功!
2025-01-13 15:44:56,836 - INFO - [Full Mode] 数据已成功插入到表中
2025-01-13 15:45:03,952 - INFO - [Full Mode] 第 1 页, 第 4 本数据详情请求成功!
2025-01-13 15:45:04,033 - INFO - [Full Mode] 数据已成功插入到表中
2025-01-13 15:45:08,874 - INFO - [Full Mode] 开始采集当当网电子书数据...
2025-01-13 15:45:10,147 - INFO - [Full Mode] 检测到已登录, 开始采集数据
2025-01-13 15:45:10,149 - INFO - [Full Mode] 获取到token: pc_4bf4474689db5e4c024ba009cc635cc347b0181a6fff1b548e39d78f309bdb0b
2025-01-13 15:45:10,149 - INFO - [Full Mode] 获取到permanentId: 20250102085739067138978897432853396
2025-01-13 15:45:12,223 - INFO - [Full Mode] 总共 27 页数据...
2025-01-13 15:45:12,224 - INFO - [Full Mode] 开始采集第 1 页数据...
2025-01-13 15:45:12,282 - INFO - [Full Mode] 数据[dangdang_el_1900370389]已存在, 已对其进行更新!
2025-01-13 15:45:12,343 - INFO - [Full Mode] 数据[dangdang_el_1900370392]已存在, 已对其进行更新!
2025-01-13 15:45:12,399 - INFO - [Full Mode] 数据[dangdang_el_1900370540]已存在, 已对其进行更新!
2025-01-13 15:45:12,449 - INFO - [Full Mode] 数据[dangdang_el_1900374546]已存在, 已对其进行更新!
2025-01-13 15:45:15,321 - INFO - [Full Mode] 第 1 页, 第 5 本数据详情请求成功!
2025-01-13 15:45:15,373 - INFO - [Full Mode] 数据已成功插入到表中
2025-01-13 22:39:25,480 - INFO - [Increment Mode] 开始采集当当网电子书数据...
2025-01-13 22:39:32,714 - WARNING - [Increment Mode] 需要人工辅助登录!
2025-01-13 22:39:35,729 - WARNING - [Increment Mode] 需要人工辅助登录!
2025-01-13 22:39:38,738 - WARNING - [Increment Mode] 需要人工辅助登录!
2025-01-13 22:39:38,852 - INFO - [Increment Mode] 登录成功!
2025-01-13 22:39:38,856 - INFO - [Increment Mode] 获取到token: pc_84c4ec5a9910d6b396c5156b161a9f6e1241a551124ca4ecf7f62426d755cf41
2025-01-13 22:39:38,856 - INFO - [Increment Mode] 获取到permanentId: 20250113223927349104341533484547847
2025-01-13 22:39:41,266 - INFO - [Increment Mode] 总共 27 页数据...
2025-01-13 22:39:41,266 - INFO - [Increment Mode] 开始采集第 1 页数据...
2025-01-13 22:39:41,280 - INFO - [Increment Mode] 第1页第1条数据已存在!
2025-01-13 22:39:41,283 - INFO - [Increment Mode] 第1页第2条数据已存在!
2025-01-13 22:39:41,286 - INFO - [Increment Mode] 第1页第3条数据已存在!
2025-01-13 22:39:41,288 - INFO - [Increment Mode] 第1页第4条数据已存在!
2025-01-13 22:39:41,291 - INFO - [Increment Mode] 第1页第5条数据已存在!
2025-01-13 22:39:41,293 - INFO - [Increment Mode] 第1页第6条数据已存在!
2025-01-13 22:39:41,296 - INFO - [Increment Mode] 第1页第7条数据已存在!
2025-01-13 22:39:41,299 - INFO - [Increment Mode] 第1页第8条数据已存在!
2025-01-13 22:39:41,301 - INFO - [Increment Mode] 第1页第9条数据已存在!
2025-01-13 22:39:41,304 - INFO - [Increment Mode] 第1页第10条数据已存在!
2025-01-13 22:39:42,520 - INFO - [Increment Mode] 开始采集第 2 页数据...
2025-01-13 22:39:42,530 - INFO - [Increment Mode] 第2页第1条数据已存在!
2025-01-13 22:39:42,532 - INFO - [Increment Mode] 第2页第2条数据已存在!
2025-01-13 22:39:42,534 - INFO - [Increment Mode] 第2页第3条数据已存在!
2025-01-13 22:39:42,538 - INFO - [Increment Mode] 第2页第4条数据已存在!
2025-01-13 22:39:42,541 - INFO - [Increment Mode] 第2页第5条数据已存在!
2025-01-13 22:39:42,543 - INFO - [Increment Mode] 第2页第6条数据已存在!
2025-01-13 22:39:42,546 - INFO - [Increment Mode] 第2页第7条数据已存在!
2025-01-13 22:39:42,548 - INFO - [Increment Mode] 第2页第8条数据已存在!
2025-01-13 22:39:42,550 - INFO - [Increment Mode] 第2页第9条数据已存在!
2025-01-13 22:39:42,553 - INFO - [Increment Mode] 第2页第10条数据已存在!
2025-01-13 22:39:43,770 - INFO - [Increment Mode] 开始采集第 3 页数据...
2025-01-13 22:39:43,782 - INFO - [Increment Mode] 第3页第1条数据已存在!
2025-01-13 22:39:43,784 - INFO - [Increment Mode] 第3页第2条数据已存在!
2025-01-13 22:39:43,788 - INFO - [Increment Mode] 第3页第3条数据已存在!
2025-01-13 22:39:43,791 - INFO - [Increment Mode] 第3页第4条数据已存在!
2025-01-13 22:39:43,795 - INFO - [Increment Mode] 第3页第5条数据已存在!
2025-01-13 22:39:43,797 - INFO - [Increment Mode] 第3页第6条数据已存在!
2025-01-13 22:39:43,800 - INFO - [Increment Mode] 第3页第7条数据已存在!
2025-01-13 22:39:43,804 - INFO - [Increment Mode] 第3页第8条数据已存在!
2025-01-13 22:39:43,807 - INFO - [Increment Mode] 第3页第9条数据已存在!
2025-01-13 22:39:43,810 - INFO - [Increment Mode] 第3页第10条数据已存在!
2025-01-13 22:39:45,026 - INFO - [Increment Mode] 开始采集第 4 页数据...
2025-01-13 22:39:45,037 - INFO - [Increment Mode] 第4页第1条数据已存在!
2025-01-13 22:39:45,040 - INFO - [Increment Mode] 第4页第2条数据已存在!
2025-01-13 22:39:45,042 - INFO - [Increment Mode] 第4页第3条数据已存在!
2025-01-13 22:39:45,045 - INFO - [Increment Mode] 第4页第4条数据已存在!
2025-01-13 22:39:45,048 - INFO - [Increment Mode] 第4页第5条数据已存在!
2025-01-13 22:39:45,050 - INFO - [Increment Mode] 第4页第6条数据已存在!
2025-01-13 22:39:45,053 - INFO - [Increment Mode] 第4页第7条数据已存在!
2025-01-13 22:39:45,056 - INFO - [Increment Mode] 第4页第8条数据已存在!
2025-01-13 22:39:45,059 - INFO - [Increment Mode] 第4页第9条数据已存在!
2025-01-13 22:39:45,063 - INFO - [Increment Mode] 第4页第10条数据已存在!
2025-01-13 22:39:47,279 - INFO - [Increment Mode] 开始采集第 5 页数据...
2025-01-13 22:39:47,288 - INFO - [Increment Mode] 第5页第1条数据已存在!
2025-01-13 22:39:47,290 - INFO - [Increment Mode] 第5页第2条数据已存在!
2025-01-13 22:39:47,293 - INFO - [Increment Mode] 第5页第3条数据已存在!
2025-01-13 22:39:47,294 - INFO - [Increment Mode] 第5页第4条数据已存在!
2025-01-13 22:39:47,298 - INFO - [Increment Mode] 第5页第5条数据已存在!
2025-01-13 22:39:47,300 - INFO - [Increment Mode] 第5页第6条数据已存在!
2025-01-13 22:39:47,303 - INFO - [Increment Mode] 第5页第7条数据已存在!
2025-01-13 22:39:47,305 - INFO - [Increment Mode] 第5页第8条数据已存在!
2025-01-13 22:39:47,307 - INFO - [Increment Mode] 第5页第9条数据已存在!
2025-01-13 22:39:47,310 - INFO - [Increment Mode] 第5页第10条数据已存在!
2025-01-13 22:39:49,525 - INFO - [Increment Mode] 开始采集第 6 页数据...
2025-01-13 22:39:49,535 - INFO - [Increment Mode] 第6页第1条数据已存在!
2025-01-13 22:39:49,537 - INFO - [Increment Mode] 第6页第2条数据已存在!
2025-01-13 22:39:49,540 - INFO - [Increment Mode] 第6页第3条数据已存在!
2025-01-13 22:39:49,542 - INFO - [Increment Mode] 第6页第4条数据已存在!
2025-01-13 22:39:49,544 - INFO - [Increment Mode] 第6页第5条数据已存在!
2025-01-13 22:39:49,548 - INFO - [Increment Mode] 第6页第6条数据已存在!
2025-01-13 22:39:49,550 - INFO - [Increment Mode] 第6页第7条数据已存在!
2025-01-13 22:39:49,553 - INFO - [Increment Mode] 第6页第8条数据已存在!
2025-01-13 22:39:49,555 - INFO - [Increment Mode] 第6页第9条数据已存在!
2025-01-13 22:39:49,557 - INFO - [Increment Mode] 第6页第10条数据已存在!
2025-01-13 22:39:51,771 - INFO - [Increment Mode] 开始采集第 7 页数据...
