2025-01-13 20:38:42,458 - INFO - [Increment Mode] 新华书店信息采集-增量模式-启动
2025-01-13 20:38:42,467 - INFO - [Increment Mode] 列表1-中国军事开始采集
2025-01-13 20:38:45,031 - INFO - [Increment Mode] 列表1-1/43页开始采集
2025-01-13 20:38:45,037 - INFO - [Increment Mode] 进入了正确的页码：1
2025-01-13 20:38:45,078 - INFO - [Increment Mode] 列表1-1/43页-页内第1个开始采集
2025-01-13 20:38:45,227 - INFO - [Increment Mode] 列表1-1/43页-页内第1个 重复并跳过，已连续重复1次
2025-01-13 20:38:45,228 - INFO - [Increment Mode] 列表1-1/43页-页内第2个开始采集
2025-01-13 20:38:45,386 - INFO - [Increment Mode] 列表1-1/43页-页内第2个 重复并跳过，已连续重复2次
2025-01-13 20:38:45,386 - INFO - [Increment Mode] 列表1-1/43页-页内第3个开始采集
2025-01-13 20:38:45,534 - INFO - [Increment Mode] 列表1-1/43页-页内第3个 重复并跳过，已连续重复3次
2025-01-13 20:38:45,534 - INFO - [Increment Mode] 列表1-1/43页-页内第4个开始采集
2025-01-13 20:38:45,681 - INFO - [Increment Mode] 列表1-1/43页-页内第4个 重复并跳过，已连续重复4次
2025-01-13 20:38:45,681 - INFO - [Increment Mode] 列表1-1/43页-页内第5个开始采集
2025-01-13 20:38:45,839 - INFO - [Increment Mode] 列表1-1/43页-页内第5个 重复并跳过，已连续重复5次
2025-01-13 20:38:45,839 - INFO - [Increment Mode] 列表1-1/43页-页内第6个开始采集
2025-01-13 20:38:45,986 - INFO - [Increment Mode] 列表1-1/43页-页内第6个 重复并跳过，已连续重复6次
2025-01-13 20:38:45,986 - INFO - [Increment Mode] 列表1-1/43页-页内第7个开始采集
2025-01-13 20:38:46,135 - INFO - [Increment Mode] 列表1-1/43页-页内第7个 重复并跳过，已连续重复7次
2025-01-13 20:38:46,135 - INFO - [Increment Mode] 列表1-1/43页-页内第8个开始采集
2025-01-13 20:38:46,280 - INFO - [Increment Mode] 列表1-1/43页-页内第8个 重复并跳过，已连续重复8次
2025-01-13 20:38:46,280 - INFO - [Increment Mode] 列表1-1/43页-页内第9个开始采集
2025-01-13 20:38:46,426 - INFO - [Increment Mode] 列表1-1/43页-页内第9个 重复并跳过，已连续重复9次
2025-01-13 20:38:46,426 - INFO - [Increment Mode] 列表1-1/43页-页内第10个开始采集
2025-01-13 20:38:46,580 - INFO - [Increment Mode] 列表1-1/43页-页内第10个 重复并跳过，已连续重复10次
2025-01-13 20:38:46,580 - INFO - [Increment Mode] 列表1-1/43页-页内第11个开始采集
2025-01-13 20:38:46,703 - INFO - [Increment Mode] 列表1-1/43页-页内第11个 重复并跳过，已连续重复11次
2025-01-13 20:38:46,703 - INFO - [Increment Mode] 列表1-1/43页-页内第12个开始采集
2025-01-13 20:38:46,862 - INFO - [Increment Mode] 列表1-1/43页-页内第12个 重复并跳过，已连续重复12次
2025-01-13 20:38:46,862 - INFO - [Increment Mode] 列表1-1/43页-页内第13个开始采集
2025-01-13 20:38:47,008 - INFO - [Increment Mode] 列表1-1/43页-页内第13个 重复并跳过，已连续重复13次
2025-01-13 20:38:47,008 - INFO - [Increment Mode] 列表1-1/43页-页内第14个开始采集
2025-01-13 20:38:47,167 - INFO - [Increment Mode] 列表1-1/43页-页内第14个 重复并跳过，已连续重复14次
2025-01-13 20:38:47,167 - INFO - [Increment Mode] 列表1-1/43页-页内第15个开始采集
2025-01-13 20:38:47,286 - INFO - [Increment Mode] 列表1-1/43页-页内第15个 重复并跳过，已连续重复15次
2025-01-13 20:38:47,286 - INFO - [Increment Mode] 列表1-1/43页-页内第16个开始采集
2025-01-13 20:38:47,452 - INFO - [Increment Mode] 列表1-1/43页-页内第16个 重复并跳过，已连续重复16次
2025-01-13 20:38:47,452 - INFO - [Increment Mode] 列表1-1/43页-页内第17个开始采集
2025-01-13 20:38:47,610 - INFO - [Increment Mode] 列表1-1/43页-页内第17个 重复并跳过，已连续重复17次
2025-01-13 20:38:47,610 - INFO - [Increment Mode] 列表1-1/43页-页内第18个开始采集
2025-01-13 20:38:47,777 - INFO - [Increment Mode] 列表1-1/43页-页内第18个 重复并跳过，已连续重复18次
2025-01-13 20:38:47,777 - INFO - [Increment Mode] 列表1-1/43页-页内第19个开始采集
2025-01-13 20:38:47,935 - INFO - [Increment Mode] 列表1-1/43页-页内第19个 重复并跳过，已连续重复19次
2025-01-13 20:38:47,935 - INFO - [Increment Mode] 列表1-1/43页-页内第20个开始采集
2025-01-13 20:38:48,092 - INFO - [Increment Mode] 列表1-1/43页-页内第20个 重复并跳过，已连续重复20次
2025-01-13 20:38:48,093 - INFO - [Increment Mode] 列表1-1/43页-页内第21个开始采集
2025-01-13 20:38:48,237 - INFO - [Increment Mode] 列表1-1/43页-页内第21个 重复并跳过，已连续重复21次
2025-01-13 20:38:48,237 - INFO - [Increment Mode] 列表1-1/43页-页内第22个开始采集
2025-01-13 20:38:48,378 - INFO - [Increment Mode] 列表1-1/43页-页内第22个 重复并跳过，已连续重复22次
2025-01-13 20:38:48,378 - INFO - [Increment Mode] 列表1-1/43页-页内第23个开始采集
2025-01-13 20:38:48,525 - INFO - [Increment Mode] 列表1-1/43页-页内第23个 重复并跳过，已连续重复23次
2025-01-13 20:38:48,526 - INFO - [Increment Mode] 列表1-1/43页-页内第24个开始采集
2025-01-13 20:38:48,676 - INFO - [Increment Mode] 列表1-1/43页-页内第24个 重复并跳过，已连续重复24次
2025-01-13 20:38:48,676 - INFO - [Increment Mode] 列表1-1/43页-页内第25个开始采集
2025-01-13 20:38:48,835 - INFO - [Increment Mode] 列表1-1/43页-页内第25个 重复并跳过，已连续重复25次
2025-01-13 20:38:48,835 - INFO - [Increment Mode] 列表1-1/43页-页内第26个开始采集
2025-01-13 20:38:48,977 - INFO - [Increment Mode] 列表1-1/43页-页内第26个 重复并跳过，已连续重复26次
2025-01-13 20:38:48,977 - INFO - [Increment Mode] 列表1-1/43页-页内第27个开始采集
2025-01-13 20:38:49,110 - INFO - [Increment Mode] 列表1-1/43页-页内第27个 重复并跳过，已连续重复27次
2025-01-13 20:38:49,110 - INFO - [Increment Mode] 列表1-1/43页-页内第28个开始采集
2025-01-13 20:38:49,237 - INFO - [Increment Mode] 列表1-1/43页-页内第28个 重复并跳过，已连续重复28次
2025-01-13 20:38:49,238 - INFO - [Increment Mode] 列表1-1/43页-页内第29个开始采集
2025-01-13 20:38:49,374 - INFO - [Increment Mode] 列表1-1/43页-页内第29个 重复并跳过，已连续重复29次
2025-01-13 20:38:49,374 - INFO - [Increment Mode] 列表1-1/43页-页内第30个开始采集
2025-01-13 20:38:49,497 - INFO - [Increment Mode] 列表1-1/43页-页内第30个 重复并跳过，已连续重复30次
2025-01-13 20:38:49,497 - INFO - [Increment Mode] 列表1-1/43页-页内第31个开始采集
2025-01-13 20:38:49,656 - INFO - [Increment Mode] 列表1-1/43页-页内第31个 重复并跳过，已连续重复31次
2025-01-13 20:38:49,656 - INFO - [Increment Mode] 列表1-1/43页-页内第32个开始采集
2025-01-13 20:38:49,802 - INFO - [Increment Mode] 列表1-1/43页-页内第32个 重复并跳过，已连续重复32次
2025-01-13 20:38:49,802 - INFO - [Increment Mode] 列表1-1/43页-页内第33个开始采集
2025-01-13 20:38:49,946 - INFO - [Increment Mode] 列表1-1/43页-页内第33个 重复并跳过，已连续重复33次
2025-01-13 20:38:49,946 - INFO - [Increment Mode] 列表1-1/43页-页内第34个开始采集
2025-01-13 20:38:50,119 - INFO - [Increment Mode] 列表1-1/43页-页内第34个 重复并跳过，已连续重复34次
2025-01-13 20:38:50,119 - INFO - [Increment Mode] 列表1-1/43页-页内第35个开始采集
2025-01-13 20:38:50,266 - INFO - [Increment Mode] 列表1-1/43页-页内第35个 重复并跳过，已连续重复35次
2025-01-13 20:38:50,266 - INFO - [Increment Mode] 列表1-1/43页-页内第36个开始采集
2025-01-13 20:38:50,419 - INFO - [Increment Mode] 列表1-1/43页-页内第36个 重复并跳过，已连续重复36次
2025-01-13 20:38:50,419 - INFO - [Increment Mode] 列表1-1/43页-页内第37个开始采集
2025-01-13 20:38:50,573 - INFO - [Increment Mode] 列表1-1/43页-页内第37个 重复并跳过，已连续重复37次
2025-01-13 20:38:50,573 - INFO - [Increment Mode] 列表1-1/43页-页内第38个开始采集
2025-01-13 20:38:50,721 - INFO - [Increment Mode] 列表1-1/43页-页内第38个 重复并跳过，已连续重复38次
2025-01-13 20:38:50,721 - INFO - [Increment Mode] 列表1-1/43页-页内第39个开始采集
2025-01-13 20:38:50,869 - INFO - [Increment Mode] 列表1-1/43页-页内第39个 重复并跳过，已连续重复39次
2025-01-13 20:38:50,869 - INFO - [Increment Mode] 列表1-1/43页-页内第40个开始采集
2025-01-13 20:38:51,019 - INFO - [Increment Mode] 列表1-1/43页-页内第40个 重复并跳过，已连续重复40次
2025-01-13 20:38:51,020 - INFO - [Increment Mode] 列表1-1/43页-页内第41个开始采集
2025-01-13 20:38:51,172 - INFO - [Increment Mode] 列表1-1/43页-页内第41个 重复并跳过，已连续重复41次
2025-01-13 20:38:51,172 - INFO - [Increment Mode] 列表1-1/43页-页内第42个开始采集
2025-01-13 20:38:51,318 - INFO - [Increment Mode] 列表1-1/43页-页内第42个 重复并跳过，已连续重复42次
2025-01-13 20:38:51,318 - INFO - [Increment Mode] 列表1-1/43页-页内第43个开始采集
2025-01-13 20:38:51,447 - INFO - [Increment Mode] 列表1-1/43页-页内第43个 重复并跳过，已连续重复43次
2025-01-13 20:38:51,447 - INFO - [Increment Mode] 列表1-1/43页-页内第44个开始采集
2025-01-13 20:38:51,596 - INFO - [Increment Mode] 列表1-1/43页-页内第44个 重复并跳过，已连续重复44次
2025-01-13 20:38:51,596 - INFO - [Increment Mode] 列表1-1/43页-页内第45个开始采集
2025-01-13 20:38:51,736 - INFO - [Increment Mode] 列表1-1/43页-页内第45个 重复并跳过，已连续重复45次
2025-01-13 20:38:51,736 - INFO - [Increment Mode] 列表1-1/43页-页内第46个开始采集
2025-01-13 20:38:51,859 - INFO - [Increment Mode] 列表1-1/43页-页内第46个 重复并跳过，已连续重复46次
2025-01-13 20:38:51,859 - INFO - [Increment Mode] 列表1-1/43页-页内第47个开始采集
2025-01-13 20:38:52,006 - INFO - [Increment Mode] 列表1-1/43页-页内第47个 重复并跳过，已连续重复47次
2025-01-13 20:38:52,006 - INFO - [Increment Mode] 列表1-1/43页-页内第48个开始采集
2025-01-13 20:38:52,152 - INFO - [Increment Mode] 列表1-1/43页-页内第48个 重复并跳过，已连续重复48次
2025-01-13 20:38:52,152 - INFO - [Increment Mode] 列表1-1/43页-页内第49个开始采集
2025-01-13 20:38:52,298 - INFO - [Increment Mode] 列表1-1/43页-页内第49个 重复并跳过，已连续重复49次
2025-01-13 20:38:52,298 - INFO - [Increment Mode] 列表1-1/43页-页内第50个开始采集
2025-01-13 20:38:52,449 - INFO - [Increment Mode] 列表1-1/43页-页内第50个 重复并跳过，已连续重复50次
2025-01-13 20:38:52,450 - INFO - [Increment Mode] 列表1-2/43页开始采集
2025-01-13 20:38:52,652 - INFO - [Increment Mode] 列表2-军事理论开始采集
2025-01-13 20:38:54,429 - INFO - [Increment Mode] 列表2-1/43页开始采集
2025-01-13 20:38:54,432 - INFO - [Increment Mode] 进入了正确的页码：1
2025-01-13 20:38:54,486 - INFO - [Increment Mode] 列表2-1/43页-页内第1个开始采集
2025-01-13 20:38:54,647 - INFO - [Increment Mode] 列表2-1/43页-页内第1个 重复并跳过，已连续重复1次
2025-01-13 20:38:54,647 - INFO - [Increment Mode] 列表2-1/43页-页内第2个开始采集
2025-01-13 20:38:54,769 - INFO - [Increment Mode] 列表2-1/43页-页内第2个 重复并跳过，已连续重复2次
2025-01-13 20:38:54,769 - INFO - [Increment Mode] 列表2-1/43页-页内第3个开始采集
2025-01-13 20:38:54,916 - INFO - [Increment Mode] 列表2-1/43页-页内第3个 重复并跳过，已连续重复3次
2025-01-13 20:38:54,916 - INFO - [Increment Mode] 列表2-1/43页-页内第4个开始采集
2025-01-13 20:38:55,065 - INFO - [Increment Mode] 列表2-1/43页-页内第4个 重复并跳过，已连续重复4次
2025-01-13 20:38:55,065 - INFO - [Increment Mode] 列表2-1/43页-页内第5个开始采集
2025-01-13 20:38:55,235 - INFO - [Increment Mode] 列表2-1/43页-页内第5个 重复并跳过，已连续重复5次
2025-01-13 20:38:55,235 - INFO - [Increment Mode] 列表2-1/43页-页内第6个开始采集
2025-01-13 20:38:55,379 - INFO - [Increment Mode] 列表2-1/43页-页内第6个 重复并跳过，已连续重复6次
2025-01-13 20:38:55,379 - INFO - [Increment Mode] 列表2-1/43页-页内第7个开始采集
2025-01-13 20:38:55,542 - INFO - [Increment Mode] 列表2-1/43页-页内第7个 重复并跳过，已连续重复7次
2025-01-13 20:38:55,542 - INFO - [Increment Mode] 列表2-1/43页-页内第8个开始采集
2025-01-13 20:38:55,701 - INFO - [Increment Mode] 列表2-1/43页-页内第8个 重复并跳过，已连续重复8次
2025-01-13 20:38:55,701 - INFO - [Increment Mode] 列表2-1/43页-页内第9个开始采集
2025-01-13 20:38:55,869 - INFO - [Increment Mode] 列表2-1/43页-页内第9个 重复并跳过，已连续重复9次
2025-01-13 20:38:55,870 - INFO - [Increment Mode] 列表2-1/43页-页内第10个开始采集
2025-01-13 20:38:56,037 - INFO - [Increment Mode] 列表2-1/43页-页内第10个 重复并跳过，已连续重复10次
2025-01-13 20:38:56,037 - INFO - [Increment Mode] 列表2-1/43页-页内第11个开始采集
2025-01-13 20:38:56,206 - INFO - [Increment Mode] 列表2-1/43页-页内第11个 重复并跳过，已连续重复11次
2025-01-13 20:38:56,206 - INFO - [Increment Mode] 列表2-1/43页-页内第12个开始采集
2025-01-13 20:38:56,354 - INFO - [Increment Mode] 列表2-1/43页-页内第12个 重复并跳过，已连续重复12次
2025-01-13 20:38:56,354 - INFO - [Increment Mode] 列表2-1/43页-页内第13个开始采集
2025-01-13 20:38:56,506 - INFO - [Increment Mode] 列表2-1/43页-页内第13个 重复并跳过，已连续重复13次
2025-01-13 20:38:56,506 - INFO - [Increment Mode] 列表2-1/43页-页内第14个开始采集
2025-01-13 20:38:56,659 - INFO - [Increment Mode] 列表2-1/43页-页内第14个 重复并跳过，已连续重复14次
2025-01-13 20:38:56,659 - INFO - [Increment Mode] 列表2-1/43页-页内第15个开始采集
2025-01-13 20:38:56,821 - INFO - [Increment Mode] 列表2-1/43页-页内第15个 重复并跳过，已连续重复15次
2025-01-13 20:38:56,821 - INFO - [Increment Mode] 列表2-1/43页-页内第16个开始采集
2025-01-13 20:38:56,968 - INFO - [Increment Mode] 列表2-1/43页-页内第16个 重复并跳过，已连续重复16次
2025-01-13 20:38:56,968 - INFO - [Increment Mode] 列表2-1/43页-页内第17个开始采集
2025-01-13 20:38:57,129 - INFO - [Increment Mode] 列表2-1/43页-页内第17个 重复并跳过，已连续重复17次
2025-01-13 20:38:57,129 - INFO - [Increment Mode] 列表2-1/43页-页内第18个开始采集
2025-01-13 20:38:57,273 - INFO - [Increment Mode] 列表2-1/43页-页内第18个 重复并跳过，已连续重复18次
2025-01-13 20:38:57,273 - INFO - [Increment Mode] 列表2-1/43页-页内第19个开始采集
2025-01-13 20:38:57,420 - INFO - [Increment Mode] 列表2-1/43页-页内第19个 重复并跳过，已连续重复19次
2025-01-13 20:38:57,420 - INFO - [Increment Mode] 列表2-1/43页-页内第20个开始采集
2025-01-13 20:38:57,564 - INFO - [Increment Mode] 列表2-1/43页-页内第20个 重复并跳过，已连续重复20次
2025-01-13 20:38:57,564 - INFO - [Increment Mode] 列表2-1/43页-页内第21个开始采集
2025-01-13 20:38:57,712 - INFO - [Increment Mode] 列表2-1/43页-页内第21个 重复并跳过，已连续重复21次
2025-01-13 20:38:57,713 - INFO - [Increment Mode] 列表2-1/43页-页内第22个开始采集
2025-01-13 20:38:57,860 - INFO - [Increment Mode] 列表2-1/43页-页内第22个 重复并跳过，已连续重复22次
2025-01-13 20:38:57,860 - INFO - [Increment Mode] 列表2-1/43页-页内第23个开始采集
2025-01-13 20:38:58,006 - INFO - [Increment Mode] 列表2-1/43页-页内第23个 重复并跳过，已连续重复23次
2025-01-13 20:38:58,006 - INFO - [Increment Mode] 列表2-1/43页-页内第24个开始采集
2025-01-13 20:38:58,173 - INFO - [Increment Mode] 列表2-1/43页-页内第24个 重复并跳过，已连续重复24次
2025-01-13 20:38:58,173 - INFO - [Increment Mode] 列表2-1/43页-页内第25个开始采集
2025-01-13 20:38:58,337 - INFO - [Increment Mode] 列表2-1/43页-页内第25个 重复并跳过，已连续重复25次
2025-01-13 20:38:58,337 - INFO - [Increment Mode] 列表2-1/43页-页内第26个开始采集
2025-01-13 20:38:58,479 - INFO - [Increment Mode] 列表2-1/43页-页内第26个 重复并跳过，已连续重复26次
2025-01-13 20:38:58,479 - INFO - [Increment Mode] 列表2-1/43页-页内第27个开始采集
2025-01-13 20:38:58,621 - INFO - [Increment Mode] 列表2-1/43页-页内第27个 重复并跳过，已连续重复27次
2025-01-13 20:38:58,621 - INFO - [Increment Mode] 列表2-1/43页-页内第28个开始采集
2025-01-13 20:38:58,770 - INFO - [Increment Mode] 列表2-1/43页-页内第28个 重复并跳过，已连续重复28次
2025-01-13 20:38:58,770 - INFO - [Increment Mode] 列表2-1/43页-页内第29个开始采集
2025-01-13 20:38:58,915 - INFO - [Increment Mode] 列表2-1/43页-页内第29个 重复并跳过，已连续重复29次
2025-01-13 20:38:58,915 - INFO - [Increment Mode] 列表2-1/43页-页内第30个开始采集
2025-01-13 20:38:59,059 - INFO - [Increment Mode] 列表2-1/43页-页内第30个 重复并跳过，已连续重复30次
2025-01-13 20:38:59,059 - INFO - [Increment Mode] 列表2-1/43页-页内第31个开始采集
2025-01-13 20:38:59,211 - INFO - [Increment Mode] 列表2-1/43页-页内第31个 重复并跳过，已连续重复31次
2025-01-13 20:38:59,211 - INFO - [Increment Mode] 列表2-1/43页-页内第32个开始采集
2025-01-13 20:38:59,368 - INFO - [Increment Mode] 列表2-1/43页-页内第32个 重复并跳过，已连续重复32次
2025-01-13 20:38:59,368 - INFO - [Increment Mode] 列表2-1/43页-页内第33个开始采集
2025-01-13 20:38:59,528 - INFO - [Increment Mode] 列表2-1/43页-页内第33个 重复并跳过，已连续重复33次
2025-01-13 20:38:59,528 - INFO - [Increment Mode] 列表2-1/43页-页内第34个开始采集
2025-01-13 20:38:59,686 - INFO - [Increment Mode] 列表2-1/43页-页内第34个 重复并跳过，已连续重复34次
2025-01-13 20:38:59,686 - INFO - [Increment Mode] 列表2-1/43页-页内第35个开始采集
2025-01-13 20:38:59,831 - INFO - [Increment Mode] 列表2-1/43页-页内第35个 重复并跳过，已连续重复35次
2025-01-13 20:38:59,831 - INFO - [Increment Mode] 列表2-1/43页-页内第36个开始采集
2025-01-13 20:38:59,992 - INFO - [Increment Mode] 列表2-1/43页-页内第36个 重复并跳过，已连续重复36次
2025-01-13 20:38:59,992 - INFO - [Increment Mode] 列表2-1/43页-页内第37个开始采集
2025-01-13 20:39:00,136 - INFO - [Increment Mode] 列表2-1/43页-页内第37个 重复并跳过，已连续重复37次
2025-01-13 20:39:00,136 - INFO - [Increment Mode] 列表2-1/43页-页内第38个开始采集
2025-01-13 20:39:00,310 - INFO - [Increment Mode] 列表2-1/43页-页内第38个 重复并跳过，已连续重复38次
2025-01-13 20:39:00,310 - INFO - [Increment Mode] 列表2-1/43页-页内第39个开始采集
2025-01-13 20:39:00,454 - INFO - [Increment Mode] 列表2-1/43页-页内第39个 重复并跳过，已连续重复39次
2025-01-13 20:39:00,454 - INFO - [Increment Mode] 列表2-1/43页-页内第40个开始采集
2025-01-13 20:39:00,604 - INFO - [Increment Mode] 列表2-1/43页-页内第40个 重复并跳过，已连续重复40次
2025-01-13 20:39:00,604 - INFO - [Increment Mode] 列表2-1/43页-页内第41个开始采集
2025-01-13 20:39:00,765 - INFO - [Increment Mode] 列表2-1/43页-页内第41个 重复并跳过，已连续重复41次
2025-01-13 20:39:00,765 - INFO - [Increment Mode] 列表2-1/43页-页内第42个开始采集
2025-01-13 20:39:00,925 - INFO - [Increment Mode] 列表2-1/43页-页内第42个 重复并跳过，已连续重复42次
2025-01-13 20:39:00,925 - INFO - [Increment Mode] 列表2-1/43页-页内第43个开始采集
2025-01-13 20:39:01,088 - INFO - [Increment Mode] 列表2-1/43页-页内第43个 重复并跳过，已连续重复43次
2025-01-13 20:39:01,088 - INFO - [Increment Mode] 列表2-1/43页-页内第44个开始采集
2025-01-13 20:39:01,236 - INFO - [Increment Mode] 列表2-1/43页-页内第44个 重复并跳过，已连续重复44次
2025-01-13 20:39:01,236 - INFO - [Increment Mode] 列表2-1/43页-页内第45个开始采集
2025-01-13 20:39:01,381 - INFO - [Increment Mode] 列表2-1/43页-页内第45个 重复并跳过，已连续重复45次
2025-01-13 20:39:01,381 - INFO - [Increment Mode] 列表2-1/43页-页内第46个开始采集
2025-01-13 20:39:01,526 - INFO - [Increment Mode] 列表2-1/43页-页内第46个 重复并跳过，已连续重复46次
2025-01-13 20:39:01,526 - INFO - [Increment Mode] 列表2-1/43页-页内第47个开始采集
2025-01-13 20:39:01,677 - INFO - [Increment Mode] 列表2-1/43页-页内第47个 重复并跳过，已连续重复47次
2025-01-13 20:39:01,678 - INFO - [Increment Mode] 列表2-1/43页-页内第48个开始采集
2025-01-13 20:39:01,839 - INFO - [Increment Mode] 列表2-1/43页-页内第48个 重复并跳过，已连续重复48次
2025-01-13 20:39:01,840 - INFO - [Increment Mode] 列表2-1/43页-页内第49个开始采集
2025-01-13 20:39:02,007 - INFO - [Increment Mode] 列表2-1/43页-页内第49个 重复并跳过，已连续重复49次
2025-01-13 20:39:02,007 - INFO - [Increment Mode] 列表2-1/43页-页内第50个开始采集
2025-01-13 20:39:02,149 - INFO - [Increment Mode] 列表2-1/43页-页内第50个 重复并跳过，已连续重复50次
2025-01-13 20:39:02,149 - INFO - [Increment Mode] 列表2-2/43页开始采集
2025-01-13 20:39:03,354 - INFO - [Increment Mode] 本次采集共扫描100条记录，更新0条，新增0条
2025-01-13 22:45:28,781 - INFO - [Increment Mode] 新华书店信息采集-增量模式-启动
2025-01-13 22:45:29,534 - INFO - [Increment Mode] 列表1-中国军事开始采集
2025-01-13 22:45:31,732 - INFO - [Increment Mode] 列表1-1/43页开始采集
2025-01-13 22:45:31,735 - INFO - [Increment Mode] 进入了正确的页码：1
2025-01-13 22:45:31,773 - INFO - [Increment Mode] 列表1-1/43页-页内第1个开始采集
2025-01-13 22:45:31,920 - INFO - [Increment Mode] 列表1-1/43页-页内第1个 重复并跳过，已连续重复1次
2025-01-13 22:45:31,920 - INFO - [Increment Mode] 列表1-1/43页-页内第2个开始采集
